#-----------------------------------------------------------
# Vivado v2021.1 (64-bit)
# SW Build 3247384 on Thu Jun 10 19:36:33 MDT 2021
# IP Build 3246043 on Fri Jun 11 00:30:35 MDT 2021
# Start of session at: Wed Oct 20 20:05:08 2021
# Process ID: 17568
# Current directory: C:/Users/mlang/Desktop/mic-1-project/verilog/shifter
# Command line: vivado.exe -gui_launcher_event rodinguilauncherevent8640 C:\Users\mlang\Desktop\mic-1-project\verilog\shifter\shifter.xpr
# Log file: C:/Users/mlang/Desktop/mic-1-project/verilog/shifter/vivado.log
# Journal file: C:/Users/mlang/Desktop/mic-1-project/verilog/shifter\vivado.jou
#-----------------------------------------------------------
start_gui
open_project C:/Users/mlang/Desktop/mic-1-project/verilog/shifter/shifter.xpr
WARNING: [filemgmt 56-3] Default IP Output Path : Could not find the directory 'C:/Users/mlang/Desktop/mic-1-project/verilog/shifter/shifter.gen/sources_1'.
Scanning sources...
Finished scanning sources
INFO: [IP_Flow 19-234] Refreshing IP repositories
INFO: [IP_Flow 19-1704] No user IP repositories specified
INFO: [IP_Flow 19-2313] Loaded Vivado IP repository 'D:/Vivado2021Image/Vivado/2021.1/data/ip'.
open_project: Time (s): cpu = 00:00:18 ; elapsed = 00:00:09 . Memory (MB): peak = 1223.215 ; gain = 0.000
exit
INFO: [Common 17-206] Exiting Vivado at Wed Oct 20 20:06:12 2021...
