#-----------------------------------------------------------
# Vivado v2020.1 (64-bit)
# SW Build 2902540 on Wed May 27 19:54:49 MDT 2020
# IP Build 2902112 on Wed May 27 22:43:36 MDT 2020
# Start of session at: Tue Oct 26 12:53:36 2021
# Process ID: 8316
# Current directory: C:/Users/user/OneDrive - FH JOANNEUM/5_Semester/ECE-Project/mic-1-project/verilog/main-memory
# Command line: vivado.exe -gui_launcher_event rodinguilauncherevent24496 C:\Users\user\OneDrive - FH JOANNEUM\5_Semester\ECE-Project\mic-1-project\verilog\main-memory\main-memory.xpr
# Log file: C:/Users/user/OneDrive - FH JOANNEUM/5_Semester/ECE-Project/mic-1-project/verilog/main-memory/vivado.log
# Journal file: C:/Users/user/OneDrive - FH JOANNEUM/5_Semester/ECE-Project/mic-1-project/verilog/main-memory\vivado.jou
#-----------------------------------------------------------
start_gui
open_project {C:/Users/user/OneDrive - FH JOANNEUM/5_Semester/ECE-Project/mic-1-project/verilog/main-memory/main-memory.xpr}
INFO: [ProjectBase 1-489] The host OS only allows 260 characters in a normal path. The project is stored in a path with more than 80 characters. If you experience issues with IP, Block Designs, or files not being found, please consider moving the project to a location with a shorter path. Alternately consider using the OS subst command to map part of the path to a drive letter.
Current project path is 'C:/Users/user/OneDrive - FH JOANNEUM/5_Semester/ECE-Project/mic-1-project/verilog/main-memory'
Scanning sources...
Finished scanning sources
WARNING: [filemgmt 56-3] Default IP Output Path : Could not find the directory 'C:/Users/user/OneDrive - FH JOANNEUM/5_Semester/ECE-Project/mic-1-project/verilog/main-memory/main-memory.srcs/sources_1'.
INFO: [IP_Flow 19-234] Refreshing IP repositories
INFO: [IP_Flow 19-1704] No user IP repositories specified
INFO: [IP_Flow 19-2313] Loaded Vivado IP repository 'D:/Tools/FH/Xilinx/Vivado/Vivado/2020.1/data/ip'.
update_compile_order -fileset sources_1
